<?xml version="1.0" encoding="UTF-8"?>
<!-- Generated by org.testng.reporters.JUnitXMLReporter -->
<testsuite hostname="Pankaj" ignored="0" name="TutorialsAutomationTest" tests="12" failures="0" timestamp="10 Mar 2023 05:14:46 GMT" time="146.841" errors="0">
  <testcase name="verifyAccountWithoutFillingAnyDetails" time="1.878" classname="com.testng.Register"/>
  <testcase name="verifySearchWithValidProduct" time="1.145" classname="com.testng.Search"/>
  <testcase name="verifyRegisterbyMandatoryfields" time="2.284" classname="com.testng.Register"/>
  <testcase name="LoginFunctionalityWithValidCredentials" time="1.107" classname="com.testng.Login"/>
  <testcase name="verifySearchWithInValidProduct" time="1.033" classname="com.testng.Search"/>
  <testcase name="verifySearchWithOUTProductName" time="0.883" classname="com.testng.Search"/>
  <testcase name="verifyRegisterWithAllfields" time="2.492" classname="com.testng.Register"/>
  <testcase name="LoginFuntionalityWithInvalidCredentials" time="1.085" classname="com.testng.Login"/>
  <testcase name="verifyAccountwithExistingEmailAddress" time="2.177" classname="com.testng.Register"/>
  <testcase name="LoginWithInvalidmailAndValidpassword" time="1.131" classname="com.testng.Login"/>
  <testcase name="LoginWithValidemailAndInvalidpassword" time="0.944" classname="com.testng.Login"/>
  <testcase name="LoginWithoutProvidingCredentials" time="0.827" classname="com.testng.Login"/>
</testsuite> <!-- TutorialsAutomationTest -->
