<?xml version="1.0" encoding="UTF-8"?>
<!-- Generated by org.testng.reporters.JUnitXMLReporter -->
<testsuite hostname="Pankaj" ignored="0" name="Default test" tests="3" failures="0" timestamp="11 Mar 2023 11:04:40 GMT" time="53.817" errors="0">
  <testcase name="verifySearchWithValidProduct" time="2.213" classname="com.testng.Search"/>
  <testcase name="verifySearchWithInValidProduct" time="0.904" classname="com.testng.Search"/>
  <testcase name="verifySearchWithOUTProductName" time="0.871" classname="com.testng.Search"/>
</testsuite> <!-- Default test -->
